{
  "stats": {
    "suites": 0,
    "tests": 1,
    "passes": 1,
    "pending": 0,
    "failures": 0,
    "start": "2022-07-10T19:28:15.038Z",
    "end": "2022-07-10T19:28:15.067Z",
    "duration": 29,
    "testsRegistered": 1,
    "passPercent": 100,
    "pendingPercent": 0,
    "other": 0,
    "hasOther": false,
    "skipped": 0,
    "hasSkipped": false
  },
  "results": [
    {
      "uuid": "47fff5c0-3bb5-4d65-920d-ed2330d5d313",
      "title": "",
      "fullFile": "cypress/e2e/UI/sanity_ui.cy.js",
      "file": "cypress/e2e/UI/sanity_ui.cy.js",
      "beforeHooks": [],
      "afterHooks": [],
      "tests": [
        {
          "title": "Sanity Test for UI test scope",
          "fullTitle": "Sanity Test for UI test scope",
          "timedOut": null,
          "duration": 18,
          "state": "passed",
          "speed": "fast",
          "pass": true,
          "fail": false,
          "pending": false,
          "context": null,
          "code": "expect(true).be.true;",
          "err": {},
          "uuid": "ec3ea0c8-a081-4b4d-a646-73b87b270ff6",
          "parentUUID": "47fff5c0-3bb5-4d65-920d-ed2330d5d313",
          "isHook": false,
          "skipped": false
        }
      ],
      "suites": [],
      "passes": [
        "ec3ea0c8-a081-4b4d-a646-73b87b270ff6"
      ],
      "failures": [],
      "pending": [],
      "skipped": [],
      "duration": 18,
      "root": true,
      "rootEmpty": false,
      "_timeout": 2000
    }
  ],
  "meta": {
    "mocha": {
      "version": "7.0.1"
    },
    "mochawesome": {
      "options": {
        "quiet": false,
        "reportFilename": "mochawesome",
        "saveHtml": true,
        "saveJson": true,
        "consoleReporter": "spec",
        "useInlineDiffs": false,
        "code": true
      },
      "version": "7.1.3"
    },
    "marge": {
      "options": null,
      "version": "6.2.0"
    }
  }
}