{
  "stats": {
    "suites": 1,
    "tests": 2,
    "passes": 2,
    "pending": 0,
    "failures": 0,
    "start": "2022-07-11T11:30:22.315Z",
    "end": "2022-07-11T11:30:29.394Z",
    "duration": 7079,
    "testsRegistered": 2,
    "passPercent": 100,
    "pendingPercent": 0,
    "other": 0,
    "hasOther": false,
    "skipped": 0,
    "hasSkipped": false
  },
  "results": [
    {
      "uuid": "d3793b7a-a36d-4834-8dd9-239a7858ba8e",
      "title": "",
      "fullFile": "cypress/e2e/API/try.cy.js",
      "file": "cypress/e2e/API/try.cy.js",
      "beforeHooks": [],
      "afterHooks": [],
      "tests": [],
      "suites": [
        {
          "uuid": "7b636a18-b993-476b-b4da-44f5f8a6ad56",
          "title": "Try",
          "fullFile": "",
          "file": "",
          "beforeHooks": [],
          "afterHooks": [],
          "tests": [
            {
              "title": "1-",
              "fullTitle": "Try 1-",
              "timedOut": null,
              "duration": 7025,
              "state": "passed",
              "speed": "medium",
              "pass": true,
              "fail": false,
              "pending": false,
              "context": null,
              "code": "expect(user['name']).equal('Onur Graham');\nuser['name'] = 'Onur Gurel';\ncy.request('POST', 'https://petstore.swagger.io/v2/pet', {\n  'id': 0,\n  'category': {\n    'id': 0,\n    'name': 'string'\n  },\n  'name': 'doggie',\n  'photoUrls': ['string'],\n  'tags': [{\n    'id': 0,\n    'name': 'string'\n  }],\n  'status': 'available'\n}).then(response => {\n  expect(response.statusText).equal('OK');\n  expect(user['name']).equal('Onur Gurel');\n});",
              "err": {},
              "uuid": "0f7cb1ad-8452-45bf-92c9-211b7c74801b",
              "parentUUID": "7b636a18-b993-476b-b4da-44f5f8a6ad56",
              "isHook": false,
              "skipped": false
            },
            {
              "title": "2-",
              "fullTitle": "Try 2-",
              "timedOut": null,
              "duration": 33,
              "state": "passed",
              "speed": "fast",
              "pass": true,
              "fail": false,
              "pending": false,
              "context": null,
              "code": "expect(user['name']).equal('Onur Graham');",
              "err": {},
              "uuid": "f1f49568-a216-49e8-8e53-684793b5c5ae",
              "parentUUID": "7b636a18-b993-476b-b4da-44f5f8a6ad56",
              "isHook": false,
              "skipped": false
            }
          ],
          "suites": [],
          "passes": [
            "0f7cb1ad-8452-45bf-92c9-211b7c74801b",
            "f1f49568-a216-49e8-8e53-684793b5c5ae"
          ],
          "failures": [],
          "pending": [],
          "skipped": [],
          "duration": 7058,
          "root": false,
          "rootEmpty": false,
          "_timeout": 2000
        }
      ],
      "passes": [],
      "failures": [],
      "pending": [],
      "skipped": [],
      "duration": 0,
      "root": true,
      "rootEmpty": true,
      "_timeout": 2000
    }
  ],
  "meta": {
    "mocha": {
      "version": "7.0.1"
    },
    "mochawesome": {
      "options": {
        "quiet": false,
        "reportFilename": "mochawesome",
        "saveHtml": true,
        "saveJson": true,
        "consoleReporter": "spec",
        "useInlineDiffs": false,
        "code": true
      },
      "version": "7.1.3"
    },
    "marge": {
      "options": null,
      "version": "6.2.0"
    }
  }
}